2025-06-15 09:10:01,678 - app - INFO - --- Step 1: Loading Documents ---
2025-06-15 09:12:36,397 - app - INFO - --- Step 1: Loading Documents ---
2025-06-15 09:12:36,776 - app - INFO - --- Initializing Vector Store ---
2025-06-15 09:12:37,094 - app - INFO - Clearing 65 existing documents from vector store.
2025-06-15 09:12:53,892 - app - INFO - --- Step 1: Loading Documents ---
2025-06-15 09:12:54,264 - app - INFO - --- Initializing Vector Store ---
2025-06-15 09:12:54,584 - app - INFO - Clearing 65 existing documents from vector store.
2025-06-15 09:12:54,734 - app - INFO - --- Step 2: Discovering Categories ---
2025-06-15 09:13:03,144 - app - INFO - Discovered Categories: Advanced Therapy & Specialty Drug Financing, Integrated Care & Coordinated Service Delivery, Outcome & Performance-Based Payment Models, Population Health & Chronic Disease Management, Preventive & Public Health Initiatives
2025-06-15 09:13:03,145 - app - INFO - --- Step 3: Designing Schemas ---
2025-06-15 09:13:03,145 - app - INFO - Designing schema for category: Advanced Therapy & Specialty Drug Financing
2025-06-15 09:13:12,248 - app - INFO - Designing schema for category: Integrated Care & Coordinated Service Delivery
2025-06-15 09:13:23,184 - app - INFO - Designing schema for category: Outcome & Performance-Based Payment Models
2025-06-15 09:13:39,026 - app - INFO - Designing schema for category: Population Health & Chronic Disease Management
2025-06-15 09:14:01,082 - app - INFO - Designing schema for category: Preventive & Public Health Initiatives
2025-06-15 09:14:28,553 - app - INFO - --- Step 4: Creating Tables in DB ---
2025-06-15 09:14:28,553 - app - INFO - Creating table for category: Advanced Therapy & Specialty Drug Financing
2025-06-15 09:14:45,010 - app - INFO - --- Step 1: Loading Documents ---
2025-06-15 09:14:45,388 - app - INFO - --- Initializing Vector Store ---
2025-06-15 09:14:45,750 - app - INFO - --- Step 2: Discovering Categories ---
2025-06-15 09:14:52,075 - app - INFO - Discovered Categories: Disease-Specific Integrated Care Contracts, Population Health & Preventive Care Programs, Risk-Sharing & Financial Sustainability Models, Specialty & Rare Disease Financing Arrangements, Value-Based Healthcare & Outcome-Focused Agreements
2025-06-15 09:14:52,076 - app - INFO - --- Step 3: Designing Schemas ---
2025-06-15 09:14:52,076 - app - INFO - Designing schema for category: Disease-Specific Integrated Care Contracts
2025-06-15 09:15:13,520 - app - INFO - Designing schema for category: Population Health & Preventive Care Programs
2025-06-15 09:15:29,471 - app - INFO - Designing schema for category: Risk-Sharing & Financial Sustainability Models
2025-06-15 09:15:56,006 - app - INFO - Designing schema for category: Specialty & Rare Disease Financing Arrangements
2025-06-15 09:16:16,924 - app - INFO - Designing schema for category: Value-Based Healthcare & Outcome-Focused Agreements
2025-06-15 09:16:41,138 - app - INFO - --- Step 4: Creating Tables in DB ---
2025-06-15 09:16:41,138 - app - INFO - Creating table for category: Disease-Specific Integrated Care Contracts
2025-06-15 09:17:12,197 - app - INFO - --- Step 1: Loading Documents ---
2025-06-15 09:17:12,575 - app - INFO - --- Initializing Vector Store ---
2025-06-15 09:17:12,940 - app - INFO - --- Step 2: Discovering Categories ---
2025-06-15 09:17:18,828 - app - INFO - Discovered Categories: Chronic Disease & Comprehensive Care Contracts, Innovative Medical Device & Precision Therapy Frameworks, Population Health & Preventive Care Initiatives, Specialized & Rare Disease Coverage Models, Value-Based Healthcare & Risk-Sharing Agreements
2025-06-15 09:17:18,829 - app - INFO - --- Step 3: Designing Schemas ---
2025-06-15 09:17:18,829 - app - INFO - Designing schema for category: Chronic Disease & Comprehensive Care Contracts
2025-06-15 09:17:37,238 - app - INFO - Designing schema for category: Innovative Medical Device & Precision Therapy Frameworks
2025-06-15 09:17:51,391 - app - INFO - Designing schema for category: Population Health & Preventive Care Initiatives
2025-06-15 09:18:08,302 - app - INFO - Designing schema for category: Specialized & Rare Disease Coverage Models
2025-06-15 09:18:34,679 - app - INFO - Designing schema for category: Value-Based Healthcare & Risk-Sharing Agreements
2025-06-15 09:18:59,794 - app - INFO - --- Step 4: Creating Tables in DB ---
2025-06-15 09:18:59,794 - app - INFO - Creating table for category: Chronic Disease & Comprehensive Care Contracts
2025-06-15 09:19:45,764 - app - INFO - --- Step 1: Loading Documents ---
2025-06-15 09:19:46,136 - app - INFO - --- Initializing Vector Store ---
2025-06-15 09:19:46,505 - app - INFO - --- Step 2: Discovering Categories ---
2025-06-15 09:19:55,474 - app - INFO - Discovered Categories: Chronic Disease & Specialized Condition Management Contracts, Innovative Payment & Financing Models in Healthcare, Integrated & Multidisciplinary Care Service Agreements, Population Health & Preventive Care Initiatives, Value-Based & Risk-Sharing Healthcare Agreements
2025-06-15 09:19:55,475 - app - INFO - --- Step 3: Designing Schemas ---
2025-06-15 09:19:55,475 - app - INFO - Designing schema for category: Chronic Disease & Specialized Condition Management Contracts
2025-06-15 09:20:06,198 - app - INFO - Designing schema for category: Innovative Payment & Financing Models in Healthcare
2025-06-15 09:20:19,351 - app - INFO - Designing schema for category: Integrated & Multidisciplinary Care Service Agreements
2025-06-15 09:20:35,255 - app - INFO - Designing schema for category: Population Health & Preventive Care Initiatives
2025-06-15 09:20:57,636 - app - INFO - Designing schema for category: Value-Based & Risk-Sharing Healthcare Agreements
2025-06-15 09:21:17,948 - app - INFO - --- Step 4: Creating Tables in DB ---
2025-06-15 09:21:17,948 - app - INFO - Creating table for category: Chronic Disease & Specialized Condition Management Contracts
2025-06-15 09:21:17,974 - app - INFO - Creating table for category: Innovative Payment & Financing Models in Healthcare
2025-06-15 09:21:17,992 - app - INFO - Creating table for category: Integrated & Multidisciplinary Care Service Agreements
2025-06-15 09:21:18,005 - app - INFO - Creating table for category: Population Health & Preventive Care Initiatives
2025-06-15 09:21:18,017 - app - INFO - Creating table for category: Value-Based & Risk-Sharing Healthcare Agreements
2025-06-15 09:21:18,030 - app - INFO - --- Step 5: Populating Tables and Vector Store ---
2025-06-15 09:21:18,030 - app - INFO - Processing document: Contract-1.pdf
2025-06-15 09:21:38,727 - app - INFO -   - Preparing 'Contract-1.pdf' for vector storage...
2025-06-15 09:21:38,728 - app - INFO -   - Adding 3 chunks to vector store...
2025-06-15 09:21:39,643 - app - INFO - Processing document: Contract-10.pdf
2025-06-15 09:22:02,496 - app - INFO -   - Preparing 'Contract-10.pdf' for vector storage...
2025-06-15 09:22:02,497 - app - INFO -   - Adding 3 chunks to vector store...
2025-06-15 09:22:03,288 - app - INFO - Processing document: Contract-11.pdf
2025-06-15 09:22:28,090 - app - INFO -   - Preparing 'Contract-11.pdf' for vector storage...
2025-06-15 09:22:28,090 - app - INFO -   - Adding 3 chunks to vector store...
2025-06-15 09:22:28,860 - app - INFO - Processing document: Contract-12.pdf
2025-06-15 09:22:52,079 - app - INFO -   - Preparing 'Contract-12.pdf' for vector storage...
2025-06-15 09:22:52,079 - app - INFO -   - Adding 3 chunks to vector store...
2025-06-15 09:22:52,778 - app - INFO - Processing document: Contract-13.pdf
2025-06-15 09:23:13,389 - app - INFO -   - Preparing 'Contract-13.pdf' for vector storage...
2025-06-15 09:23:13,390 - app - INFO -   - Adding 4 chunks to vector store...
2025-06-15 09:23:13,982 - app - INFO - Processing document: Contract-14.pdf
2025-06-15 09:23:38,675 - app - INFO -   - Preparing 'Contract-14.pdf' for vector storage...
2025-06-15 09:23:38,675 - app - INFO -   - Adding 3 chunks to vector store...
2025-06-15 09:23:39,228 - app - INFO - Processing document: Contract-15.pdf
2025-06-15 09:23:56,033 - app - INFO -   - Preparing 'Contract-15.pdf' for vector storage...
2025-06-15 09:23:56,034 - app - INFO -   - Adding 4 chunks to vector store...
2025-06-15 09:23:56,561 - app - INFO - Processing document: Contract-16.pdf
2025-06-15 09:24:28,422 - app - INFO -   - Preparing 'Contract-16.pdf' for vector storage...
2025-06-15 09:24:28,422 - app - INFO -   - Adding 4 chunks to vector store...
2025-06-15 09:24:29,005 - app - INFO - Processing document: Contract-17.pdf
2025-06-15 09:24:58,487 - app - INFO -   - Preparing 'Contract-17.pdf' for vector storage...
2025-06-15 09:24:58,487 - app - INFO -   - Adding 3 chunks to vector store...
2025-06-15 09:24:59,080 - app - INFO - Processing document: Contract-18.pdf
2025-06-15 09:25:19,880 - app - INFO -   - Preparing 'Contract-18.pdf' for vector storage...
2025-06-15 09:25:19,880 - app - INFO -   - Adding 4 chunks to vector store...
2025-06-15 09:25:20,788 - app - INFO - Processing document: Contract-19.pdf
2025-06-15 09:25:49,704 - app - INFO -   - Preparing 'Contract-19.pdf' for vector storage...
2025-06-15 09:25:49,704 - app - INFO -   - Adding 3 chunks to vector store...
2025-06-15 09:25:50,288 - app - INFO - Processing document: Contract-2.pdf
2025-06-15 09:26:15,911 - app - INFO -   - Preparing 'Contract-2.pdf' for vector storage...
2025-06-15 09:26:15,912 - app - INFO -   - Adding 3 chunks to vector store...
2025-06-15 09:26:16,678 - app - INFO - Processing document: Contract-20.pdf
2025-06-15 09:26:36,917 - app - INFO -   - Preparing 'Contract-20.pdf' for vector storage...
2025-06-15 09:26:36,918 - app - INFO -   - Adding 4 chunks to vector store...
2025-06-15 09:26:37,438 - app - INFO - Processing document: Contract-3.pdf
2025-06-15 09:27:01,936 - app - INFO -   - Preparing 'Contract-3.pdf' for vector storage...
2025-06-15 09:27:01,936 - app - INFO -   - Adding 3 chunks to vector store...
2025-06-15 09:27:02,467 - app - INFO - Processing document: Contract-4.pdf
2025-06-15 09:27:19,237 - app - INFO -   - Preparing 'Contract-4.pdf' for vector storage...
2025-06-15 09:27:19,237 - app - INFO -   - Adding 3 chunks to vector store...
2025-06-15 09:27:19,809 - app - INFO - Processing document: Contract-5.pdf
2025-06-15 09:27:36,833 - app - INFO -   - Preparing 'Contract-5.pdf' for vector storage...
2025-06-15 09:27:36,834 - app - INFO -   - Adding 3 chunks to vector store...
2025-06-15 09:27:37,354 - app - INFO - Processing document: Contract-6.pdf
2025-06-15 09:28:02,376 - app - INFO -   - Preparing 'Contract-6.pdf' for vector storage...
2025-06-15 09:28:02,376 - app - INFO -   - Adding 3 chunks to vector store...
2025-06-15 09:28:02,927 - app - INFO - Processing document: Contract-7.pdf
2025-06-15 09:28:42,944 - app - INFO -   - Preparing 'Contract-7.pdf' for vector storage...
2025-06-15 09:28:42,945 - app - INFO -   - Adding 3 chunks to vector store...
2025-06-15 09:28:43,539 - app - INFO - Processing document: Contract-8.pdf
2025-06-15 09:29:09,670 - app - INFO -   - Preparing 'Contract-8.pdf' for vector storage...
2025-06-15 09:29:09,670 - app - INFO -   - Adding 3 chunks to vector store...
2025-06-15 09:29:10,260 - app - INFO - Processing document: Contract-9.pdf
2025-06-15 09:29:33,231 - app - INFO -   - Preparing 'Contract-9.pdf' for vector storage...
2025-06-15 09:29:33,231 - app - INFO -   - Adding 3 chunks to vector store...
2025-06-15 09:29:33,683 - app - INFO - --- Ingestion Pipeline Completed ---
2025-06-15 09:30:06,121 - app - INFO - --- Step 1: Loading Documents ---
2025-06-15 09:30:06,498 - app - INFO - --- Initializing Vector Store ---
2025-06-15 09:30:06,815 - app - INFO - Clearing 65 existing documents from vector store.
2025-06-15 09:30:06,962 - app - INFO - --- Step 2: Discovering Categories ---
2025-06-15 09:30:14,174 - app - INFO - Discovered Categories: Advanced Therapies & Precision Medicine Arrangements, Behavioral & Mental Health Integration Models, Chronic Disease & Population Health Management Programs, Rare & Specialty Disease Coverage Contracts, Value-Based & Outcome-Focused Healthcare Agreements
2025-06-15 09:30:14,175 - app - INFO - --- Step 3: Designing Schemas ---
2025-06-15 09:30:14,175 - app - INFO - Designing schema for category: Advanced Therapies & Precision Medicine Arrangements
2025-06-15 09:30:31,249 - app - INFO - Designing schema for category: Behavioral & Mental Health Integration Models
2025-06-15 09:30:48,805 - app - INFO - Designing schema for category: Chronic Disease & Population Health Management Programs
2025-06-15 09:31:02,862 - app - INFO - Designing schema for category: Rare & Specialty Disease Coverage Contracts
2025-06-15 09:31:19,239 - app - INFO - Designing schema for category: Value-Based & Outcome-Focused Healthcare Agreements
2025-06-15 09:31:36,422 - app - INFO - --- Step 4: Creating Tables in DB ---
2025-06-15 09:31:36,423 - app - INFO - Creating table for category: Advanced Therapies & Precision Medicine Arrangements
2025-06-15 09:31:36,428 - app - INFO -   - Dropping table 'advanced_therapies_and_precision_medicine_arrangements' if it exists...
2025-06-15 09:31:36,429 - app - INFO -   - Creating table 'advanced_therapies_and_precision_medicine_arrangements'...
2025-06-15 09:31:36,464 - app - INFO -   - Successfully created table 'advanced_therapies_and_precision_medicine_arrangements'.
2025-06-15 09:31:36,466 - app - INFO - Creating table for category: Behavioral & Mental Health Integration Models
2025-06-15 09:31:36,472 - app - INFO -   - Dropping table 'behavioral_and_mental_health_integration_models' if it exists...
2025-06-15 09:31:36,472 - app - INFO -   - Creating table 'behavioral_and_mental_health_integration_models'...
2025-06-15 09:31:36,484 - app - INFO -   - Successfully created table 'behavioral_and_mental_health_integration_models'.
2025-06-15 09:31:36,486 - app - INFO - Creating table for category: Chronic Disease & Population Health Management Programs
2025-06-15 09:31:36,491 - app - INFO -   - Dropping table 'chronic_disease_and_population_health_management_programs' if it exists...
2025-06-15 09:31:36,492 - app - INFO -   - Creating table 'chronic_disease_and_population_health_management_programs'...
2025-06-15 09:31:36,511 - app - INFO -   - Successfully created table 'chronic_disease_and_population_health_management_programs'.
2025-06-15 09:31:36,513 - app - INFO - Creating table for category: Rare & Specialty Disease Coverage Contracts
2025-06-15 09:31:36,517 - app - INFO -   - Dropping table 'rare_and_specialty_disease_coverage_contracts' if it exists...
2025-06-15 09:31:36,518 - app - INFO -   - Creating table 'rare_and_specialty_disease_coverage_contracts'...
2025-06-15 09:31:36,531 - app - INFO -   - Successfully created table 'rare_and_specialty_disease_coverage_contracts'.
2025-06-15 09:31:36,533 - app - INFO - Creating table for category: Value-Based & Outcome-Focused Healthcare Agreements
2025-06-15 09:31:36,539 - app - INFO -   - Dropping table 'value_based_and_outcome_focused_healthcare_agreements' if it exists...
2025-06-15 09:31:36,540 - app - INFO -   - Creating table 'value_based_and_outcome_focused_healthcare_agreements'...
2025-06-15 09:31:36,550 - app - INFO -   - Successfully created table 'value_based_and_outcome_focused_healthcare_agreements'.
2025-06-15 09:31:36,552 - app - INFO - --- Step 5: Populating Tables and Vector Store ---
2025-06-15 09:31:36,553 - app - INFO - Processing document: Contract-1.pdf
2025-06-15 09:31:59,045 - app - ERROR - Error inserting data into value_based_and_outcome_focused_healthcare_agreements: invalid input for query argument $2: {'partyA': 'PharmaCorp Inc.', 'partyB': ... (expected str, got dict)
Traceback (most recent call last):
  File "asyncpg\\protocol\\prepared_stmt.pyx", line 175, in asyncpg.protocol.protocol.PreparedStatementState._encode_bind_msg
  File "asyncpg\\protocol\\codecs/base.pyx", line 227, in asyncpg.protocol.protocol.Codec.encode
  File "asyncpg\\protocol\\codecs/base.pyx", line 129, in asyncpg.protocol.protocol.Codec.encode_scalar
  File "asyncpg\\pgproto\\./codecs/json.pyx", line 16, in asyncpg.pgproto.pgproto.jsonb_encode
  File "asyncpg\\pgproto\\./codecs/text.pyx", line 12, in asyncpg.pgproto.pgproto.as_pg_string_and_size
TypeError: expected str, got dict

The above exception was the direct cause of the following exception:

Traceback (most recent call last):
  File "C:\Users\Gergo\Documents\Lyfegen\backend\app\db\database.py", line 83, in insert_structured_data
    await conn.execute(insert_sql, *values)
  File "C:\Users\Gergo\anaconda3\envs\lg\Lib\site-packages\asyncpg\connection.py", line 352, in execute
    _, status, _ = await self._execute(
                   ^^^^^^^^^^^^^^^^^^^^
    ...<5 lines>...
    )
    ^
  File "C:\Users\Gergo\anaconda3\envs\lg\Lib\site-packages\asyncpg\connection.py", line 1864, in _execute
    result, _ = await self.__execute(
                ^^^^^^^^^^^^^^^^^^^^^
    ...<7 lines>...
    )
    ^
  File "C:\Users\Gergo\anaconda3\envs\lg\Lib\site-packages\asyncpg\connection.py", line 1961, in __execute
    result, stmt = await self._do_execute(
                   ^^^^^^^^^^^^^^^^^^^^^^^
    ...<5 lines>...
    )
    ^
  File "C:\Users\Gergo\anaconda3\envs\lg\Lib\site-packages\asyncpg\connection.py", line 2024, in _do_execute
    result = await executor(stmt, None)
             ^^^^^^^^^^^^^^^^^^^^^^^^^^
  File "asyncpg\\protocol\\protocol.pyx", line 185, in bind_execute
  File "asyncpg\\protocol\\prepared_stmt.pyx", line 204, in asyncpg.protocol.protocol.PreparedStatementState._encode_bind_msg
asyncpg.exceptions.DataError: invalid input for query argument $2: {'partyA': 'PharmaCorp Inc.', 'partyB': ... (expected str, got dict)
2025-06-15 09:31:59,051 - app - INFO -   - Preparing 'Contract-1.pdf' for vector storage...
2025-06-15 09:31:59,051 - app - INFO -   - Adding 3 chunks to vector store...
2025-06-15 09:31:59,732 - app - INFO - Processing document: Contract-10.pdf
2025-06-15 21:24:47,402 - app - INFO - Main agent has been compiled successfully.
2025-06-15 21:29:01,568 - app - INFO - Main agent has been compiled successfully.
2025-06-15 21:30:55,270 - app - INFO - Main agent has been compiled successfully.
2025-06-15 21:31:02,217 - app - INFO - Main agent has been compiled successfully.
2025-06-15 21:36:19,491 - app - INFO - Main agent has been compiled successfully.
2025-06-15 21:37:16,297 - app - INFO - Main agent has been compiled successfully.
2025-06-15 21:39:11,821 - app - INFO - Main agent has been compiled successfully.
2025-06-15 21:40:04,573 - app - INFO - Main agent has been compiled successfully.
2025-06-15 21:42:18,288 - app - INFO - Main agent has been compiled successfully.
2025-06-15 21:42:39,611 - app - INFO - Main agent has been compiled successfully.
2025-06-15 21:43:06,193 - app - INFO - Main agent has been compiled successfully.
2025-06-15 21:43:08,456 - app - INFO - Main agent has been compiled successfully.
2025-06-15 21:43:21,358 - app - INFO - Main agent has been compiled successfully.
2025-06-15 21:53:45,492 - app - INFO - Main agent has been compiled successfully.
2025-06-15 21:54:09,470 - app - INFO - Main agent has been compiled successfully.
2025-06-15 22:01:49,566 - app - INFO - === QUERY STREAM ENDPOINT HIT ===
2025-06-15 22:01:49,566 - app - INFO - Session ID: 9394e035-93c7-47cc-8ecf-f4d8ac1476e2
2025-06-15 22:01:49,566 - app - INFO - Query: Do you know something about an immunotherapy something program?
2025-06-15 22:01:49,566 - app - INFO - API Key received: lyfegen-ai-task-2024
2025-06-15 22:01:49,566 - app - INFO - File: None
2025-06-15 22:01:49,566 - app - INFO - API key validated successfully
2025-06-15 22:01:49,567 - app - INFO - Received query for session_id: 9394e035-93c7-47cc-8ecf-f4d8ac1476e2
2025-06-15 22:01:49,570 - app - INFO - Streaming agent response for session_id: 9394e035-93c7-47cc-8ecf-f4d8ac1476e2
2025-06-15 22:01:49,575 - app - INFO - Streaming status update: Running: summarize_discussion
2025-06-15 22:01:49,575 - app - INFO - Summarizing conversation history.
2025-06-15 22:01:49,575 - app - INFO - Summarizing conversation history.
2025-06-15 22:01:51,733 - app - INFO - Streaming status update: Running: retrieve_relevant_chunks
2025-06-15 22:01:52,758 - app - INFO - Streaming status update: Running: summarize_discussion
2025-06-15 22:01:52,759 - app - INFO - Summarizing conversation history.
2025-06-15 22:01:52,759 - app - INFO - Summarizing conversation history.
2025-06-15 22:02:00,825 - app - INFO - Streaming final answer for session_id: 9394e035-93c7-47cc-8ecf-f4d8ac1476e2
2025-06-15 22:04:26,525 - app - INFO - === QUERY STREAM ENDPOINT HIT ===
2025-06-15 22:04:26,525 - app - INFO - Session ID: df2ff284-4022-438a-89cc-2550e4305cae
2025-06-15 22:04:26,525 - app - INFO - Query: Do you know something about an immunotherapy something program?
2025-06-15 22:04:26,526 - app - INFO - API Key received: lyfegen-ai-task-2024
2025-06-15 22:04:26,526 - app - INFO - File: None
2025-06-15 22:04:26,526 - app - INFO - API key validated successfully
2025-06-15 22:04:26,526 - app - INFO - Received query for session_id: df2ff284-4022-438a-89cc-2550e4305cae
2025-06-15 22:04:26,527 - app - INFO - Streaming agent response for session_id: df2ff284-4022-438a-89cc-2550e4305cae
2025-06-15 22:04:26,529 - app - INFO - Streaming status update: Running: summarize_discussion
2025-06-15 22:04:26,529 - app - INFO - Summarizing conversation history.
2025-06-15 22:04:26,529 - app - INFO - Summarizing conversation history.
2025-06-15 22:04:28,132 - app - INFO - Streaming status update: Running: retrieve_relevant_chunks
2025-06-15 22:04:28,987 - app - INFO - Streaming status update: Running: summarize_discussion
2025-06-15 22:04:28,987 - app - INFO - Summarizing conversation history.
2025-06-15 22:04:28,987 - app - INFO - Summarizing conversation history.
2025-06-15 22:04:37,998 - app - INFO - Streaming final answer for session_id: df2ff284-4022-438a-89cc-2550e4305cae
2025-06-15 22:06:05,221 - app - INFO - === QUERY STREAM ENDPOINT HIT ===
2025-06-15 22:06:05,221 - app - INFO - Session ID: 04453b8f-9e3f-465a-8f0b-4c40ee996a01
2025-06-15 22:06:05,221 - app - INFO - Query: Do you know something about an immunotherapy something program?
2025-06-15 22:06:05,222 - app - INFO - API Key received: lyfegen-ai-task-2024
2025-06-15 22:06:05,222 - app - INFO - File: None
2025-06-15 22:06:05,222 - app - INFO - API key validated successfully
2025-06-15 22:06:05,222 - app - INFO - Received query for session_id: 04453b8f-9e3f-465a-8f0b-4c40ee996a01
2025-06-15 22:06:05,223 - app - INFO - Streaming agent response for session_id: 04453b8f-9e3f-465a-8f0b-4c40ee996a01
2025-06-15 22:06:05,225 - app - INFO - Streaming status update: Running: summarize_discussion
2025-06-15 22:06:05,225 - app - INFO - Summarizing conversation history.
2025-06-15 22:06:05,225 - app - INFO - Summarizing conversation history.
2025-06-15 22:06:07,794 - app - INFO - Streaming status update: Running: retrieve_relevant_chunks
2025-06-15 22:06:08,577 - app - INFO - Streaming status update: Running: summarize_discussion
2025-06-15 22:06:08,577 - app - INFO - Summarizing conversation history.
2025-06-15 22:06:08,578 - app - INFO - Summarizing conversation history.
2025-06-15 22:06:17,553 - app - INFO - Streaming final answer for session_id: 04453b8f-9e3f-465a-8f0b-4c40ee996a01
2025-06-15 22:09:44,991 - app - INFO - === QUERY STREAM ENDPOINT HIT ===
2025-06-15 22:09:44,992 - app - INFO - Session ID: 6c48f282-f39e-42dc-82ae-38aaecebc23c
2025-06-15 22:09:44,992 - app - INFO - Query: Do you know something about an immunotherapy something program?
2025-06-15 22:09:44,992 - app - INFO - API Key received: lyfegen-ai-task-2024
2025-06-15 22:09:44,992 - app - INFO - File: None
2025-06-15 22:09:44,992 - app - INFO - API key validated successfully
2025-06-15 22:09:44,992 - app - INFO - Received query for session_id: 6c48f282-f39e-42dc-82ae-38aaecebc23c
2025-06-15 22:09:44,993 - app - INFO - Streaming agent response for session_id: 6c48f282-f39e-42dc-82ae-38aaecebc23c
2025-06-15 22:09:44,995 - app - INFO - Streaming status update: Running: summarize_discussion
2025-06-15 22:09:44,995 - app - INFO - Summarizing conversation history.
2025-06-15 22:09:44,995 - app - INFO - Summarizing conversation history.
2025-06-15 22:09:46,674 - app - INFO - Streaming status update: Running: retrieve_relevant_chunks
2025-06-15 22:09:47,546 - app - INFO - Streaming status update: Running: summarize_discussion
2025-06-15 22:09:47,546 - app - INFO - Summarizing conversation history.
2025-06-15 22:09:47,547 - app - INFO - Summarizing conversation history.
2025-06-15 22:09:56,153 - app - INFO - Streaming final answer for session_id: 6c48f282-f39e-42dc-82ae-38aaecebc23c
2025-06-15 22:12:12,390 - app - INFO - === QUERY STREAM ENDPOINT HIT ===
2025-06-15 22:12:12,391 - app - INFO - Session ID: 63610e31-bf01-4504-9be4-93af127941dc
2025-06-15 22:12:12,391 - app - INFO - Query: Do you know something about an immunotherapy something program?
2025-06-15 22:12:12,391 - app - INFO - API Key received: lyfegen-ai-task-2024
2025-06-15 22:12:12,391 - app - INFO - File: None
2025-06-15 22:12:12,391 - app - INFO - API key validated successfully
2025-06-15 22:12:12,392 - app - INFO - Received query for session_id: 63610e31-bf01-4504-9be4-93af127941dc
2025-06-15 22:12:12,392 - app - INFO - Streaming agent response for session_id: 63610e31-bf01-4504-9be4-93af127941dc
2025-06-15 22:12:12,394 - app - INFO - Streaming status update: Running: summarize_discussion
2025-06-15 22:12:12,395 - app - INFO - Summarizing conversation history.
2025-06-15 22:12:12,395 - app - INFO - Summarizing conversation history.
2025-06-15 22:12:14,868 - app - INFO - Streaming status update: Running: retrieve_relevant_chunks
2025-06-15 22:12:15,603 - app - INFO - Streaming status update: Running: summarize_discussion
2025-06-15 22:12:15,603 - app - INFO - Summarizing conversation history.
2025-06-15 22:12:15,604 - app - INFO - Summarizing conversation history.
2025-06-15 22:12:23,610 - app - INFO - Streaming final answer for session_id: 63610e31-bf01-4504-9be4-93af127941dc
2025-06-15 22:15:58,310 - app - INFO - === QUERY STREAM ENDPOINT HIT ===
2025-06-15 22:15:58,310 - app - INFO - Session ID: 977a318c-3c00-48c3-a434-fac88b05be68
2025-06-15 22:15:58,311 - app - INFO - Query: Do you know something about an immunotherapy something program?
2025-06-15 22:15:58,311 - app - INFO - API Key received: lyfegen-ai-task-2024
2025-06-15 22:15:58,311 - app - INFO - File: None
2025-06-15 22:15:58,311 - app - INFO - API key validated successfully
2025-06-15 22:15:58,311 - app - INFO - Received query for session_id: 977a318c-3c00-48c3-a434-fac88b05be68
2025-06-15 22:15:58,312 - app - INFO - Streaming agent response for session_id: 977a318c-3c00-48c3-a434-fac88b05be68
2025-06-15 22:15:58,315 - app - INFO - Streaming status update: Running: summarize_discussion
2025-06-15 22:15:58,315 - app - INFO - Summarizing conversation history.
2025-06-15 22:15:58,316 - app - INFO - Summarizing conversation history.
2025-06-15 22:16:00,624 - app - INFO - Streaming status update: Running: retrieve_relevant_chunks
2025-06-15 22:16:01,345 - app - INFO - Streaming status update: Running: summarize_discussion
2025-06-15 22:16:01,345 - app - INFO - Summarizing conversation history.
2025-06-15 22:16:01,346 - app - INFO - Summarizing conversation history.
2025-06-15 22:16:08,325 - app - INFO - Streaming final answer for session_id: 977a318c-3c00-48c3-a434-fac88b05be68
2025-06-15 22:16:51,384 - app - INFO - Main agent has been compiled successfully.
2025-06-15 22:16:53,560 - app - INFO - Main agent has been compiled successfully.
2025-06-15 22:16:57,211 - app - INFO - Main agent has been compiled successfully.
2025-06-15 22:16:59,356 - app - INFO - Main agent has been compiled successfully.
2025-06-15 22:17:04,841 - app - INFO - Main agent has been compiled successfully.
2025-06-15 22:17:06,988 - app - INFO - Main agent has been compiled successfully.
2025-06-15 22:17:11,582 - app - INFO - Main agent has been compiled successfully.
2025-06-15 22:17:13,742 - app - INFO - Main agent has been compiled successfully.
2025-06-15 22:17:40,037 - app - INFO - === QUERY STREAM ENDPOINT HIT ===
2025-06-15 22:17:40,038 - app - INFO - Session ID: 685b4c0c-68a5-482b-a565-70192f2fe62d
2025-06-15 22:17:40,038 - app - INFO - Query: Do you know something about an immunotherapy something program?
2025-06-15 22:17:40,039 - app - INFO - API Key received: lyfegen-ai-task-2024
2025-06-15 22:17:40,039 - app - INFO - File: None
2025-06-15 22:17:40,039 - app - INFO - API key validated successfully
2025-06-15 22:17:40,039 - app - INFO - Received query for session_id: 685b4c0c-68a5-482b-a565-70192f2fe62d
2025-06-15 22:17:40,043 - app - INFO - Streaming agent response for session_id: 685b4c0c-68a5-482b-a565-70192f2fe62d
2025-06-15 22:17:40,049 - app - INFO - Streaming status update: Running: summarize_discussion
2025-06-15 22:17:40,049 - app - INFO - Summarizing conversation history.
2025-06-15 22:17:40,050 - app - INFO - Summarizing conversation history.
2025-06-15 22:17:42,520 - app - INFO - Streaming status update: Running: retrieve_relevant_chunks
2025-06-15 22:17:43,358 - app - INFO - Streaming status update: Running: summarize_discussion
2025-06-15 22:17:43,358 - app - INFO - Summarizing conversation history.
2025-06-15 22:17:43,359 - app - INFO - Summarizing conversation history.
2025-06-15 22:17:53,788 - app - INFO - Streaming final answer for session_id: 685b4c0c-68a5-482b-a565-70192f2fe62d
2025-06-15 22:18:19,878 - app - INFO - === QUERY STREAM ENDPOINT HIT ===
2025-06-15 22:18:19,878 - app - INFO - Session ID: 685b4c0c-68a5-482b-a565-70192f2fe62d
2025-06-15 22:18:19,879 - app - INFO - Query: What happens to non-responders?
2025-06-15 22:18:19,879 - app - INFO - API Key received: lyfegen-ai-task-2024
2025-06-15 22:18:19,879 - app - INFO - File: None
2025-06-15 22:18:19,879 - app - INFO - API key validated successfully
2025-06-15 22:18:19,879 - app - INFO - Received query for session_id: 685b4c0c-68a5-482b-a565-70192f2fe62d
2025-06-15 22:18:19,880 - app - INFO - Streaming agent response for session_id: 685b4c0c-68a5-482b-a565-70192f2fe62d
2025-06-15 22:18:19,883 - app - INFO - Streaming status update: Running: summarize_discussion
2025-06-15 22:18:19,883 - app - INFO - Summarizing conversation history.
2025-06-15 22:18:19,884 - app - INFO - Summarizing conversation history.
2025-06-15 22:18:23,393 - app - INFO - Streaming status update: Running: retrieve_relevant_chunks
2025-06-15 22:18:24,734 - app - INFO - Streaming status update: Running: summarize_discussion
2025-06-15 22:18:24,735 - app - INFO - Summarizing conversation history.
2025-06-15 22:18:24,735 - app - INFO - Summarizing conversation history.
2025-06-15 22:18:30,709 - app - INFO - Streaming final answer for session_id: 685b4c0c-68a5-482b-a565-70192f2fe62d
2025-06-15 22:19:04,646 - app - INFO - === QUERY STREAM ENDPOINT HIT ===
2025-06-15 22:19:04,646 - app - INFO - Session ID: 7381d055-5694-4549-9937-d1a4bfc8aec2
2025-06-15 22:19:04,646 - app - INFO - Query: I have received this question in an email, please answer it!
2025-06-15 22:19:04,646 - app - INFO - API Key received: lyfegen-ai-task-2024
2025-06-15 22:19:04,647 - app - INFO - File: sample_email.txt
2025-06-15 22:19:04,647 - app - INFO - API key validated successfully
2025-06-15 22:19:04,647 - app - INFO - Received query for session_id: 7381d055-5694-4549-9937-d1a4bfc8aec2
2025-06-15 22:19:04,647 - app - INFO - File received: sample_email.txt
2025-06-15 22:19:04,648 - app - INFO - File saved to temporary path: C:\Users\Gergo\AppData\Local\Temp\tmp7jgwjvb9.txt
2025-06-15 22:19:04,648 - app - INFO - Loading and extracting text from: C:\Users\Gergo\AppData\Local\Temp\tmp7jgwjvb9.txt
2025-06-15 22:19:04,649 - app - INFO - Streaming agent response for session_id: 7381d055-5694-4549-9937-d1a4bfc8aec2
2025-06-15 22:19:04,651 - app - INFO - Streaming status update: Running: summarize_discussion
2025-06-15 22:19:04,651 - app - INFO - Summarizing conversation history.
2025-06-15 22:19:04,652 - app - INFO - Summarizing conversation history.
2025-06-15 22:19:10,956 - app - INFO - Streaming final answer for session_id: 7381d055-5694-4549-9937-d1a4bfc8aec2
2025-06-15 22:19:36,613 - app - INFO - === QUERY STREAM ENDPOINT HIT ===
2025-06-15 22:19:36,614 - app - INFO - Session ID: 155a773a-1154-4a00-82e8-3c899ae6bdc3
2025-06-15 22:19:36,614 - app - INFO - Query: Do you know something about an immunotherapy something program?
2025-06-15 22:19:36,614 - app - INFO - API Key received: lyfegen-ai-task-2024
2025-06-15 22:19:36,614 - app - INFO - File: None
2025-06-15 22:19:36,615 - app - INFO - API key validated successfully
2025-06-15 22:19:36,615 - app - INFO - Received query for session_id: 155a773a-1154-4a00-82e8-3c899ae6bdc3
2025-06-15 22:19:36,616 - app - INFO - Streaming agent response for session_id: 155a773a-1154-4a00-82e8-3c899ae6bdc3
2025-06-15 22:19:36,618 - app - INFO - Streaming status update: Running: summarize_discussion
2025-06-15 22:19:36,618 - app - INFO - Summarizing conversation history.
2025-06-15 22:19:36,619 - app - INFO - Summarizing conversation history.
2025-06-15 22:19:38,130 - app - INFO - Streaming status update: Running: retrieve_relevant_chunks
2025-06-15 22:19:38,998 - app - INFO - Streaming status update: Running: summarize_discussion
2025-06-15 22:19:38,999 - app - INFO - Summarizing conversation history.
2025-06-15 22:19:38,999 - app - INFO - Summarizing conversation history.
2025-06-15 22:19:47,184 - app - INFO - Streaming final answer for session_id: 155a773a-1154-4a00-82e8-3c899ae6bdc3
2025-06-15 22:21:27,954 - app - INFO - Main agent has been compiled successfully.
2025-06-15 22:21:35,485 - app - INFO - === QUERY STREAM ENDPOINT HIT ===
2025-06-15 22:21:35,485 - app - INFO - Session ID: 5bdf7565-29d6-4b0b-b9b5-e7ced687310f
2025-06-15 22:21:35,485 - app - INFO - Query: Do you know something about an immunotherapy something program?
2025-06-15 22:21:35,486 - app - INFO - API Key received: lyfegen-ai-task-2024
2025-06-15 22:21:35,486 - app - INFO - File: None
2025-06-15 22:21:35,486 - app - INFO - API key validated successfully
2025-06-15 22:21:35,486 - app - INFO - Received query for session_id: 5bdf7565-29d6-4b0b-b9b5-e7ced687310f
2025-06-15 22:21:35,490 - app - INFO - Streaming agent response for session_id: 5bdf7565-29d6-4b0b-b9b5-e7ced687310f
2025-06-15 22:21:35,494 - app - INFO - Streaming status update: Running: summarize_discussion
2025-06-15 22:21:35,495 - app - INFO - Summarizing conversation history.
2025-06-15 22:21:35,495 - app - INFO - Summarizing conversation history.
2025-06-15 22:21:36,869 - app - INFO - Streaming status update: Running: retrieve_relevant_chunks
2025-06-15 22:21:37,688 - app - INFO - Streaming status update: Running: summarize_discussion
2025-06-15 22:21:37,688 - app - INFO - Summarizing conversation history.
2025-06-15 22:21:37,689 - app - INFO - Summarizing conversation history.
2025-06-15 22:21:46,704 - app - INFO - Streaming final answer for session_id: 5bdf7565-29d6-4b0b-b9b5-e7ced687310f
2025-06-15 22:24:03,293 - app - INFO - Main agent has been compiled successfully.
2025-06-15 22:24:05,442 - app - INFO - Main agent has been compiled successfully.
2025-06-15 22:24:10,587 - app - INFO - Main agent has been compiled successfully.
2025-06-15 22:24:12,731 - app - INFO - Main agent has been compiled successfully.
2025-06-15 22:24:28,133 - app - INFO - === QUERY STREAM ENDPOINT HIT ===
2025-06-15 22:24:28,133 - app - INFO - Session ID: f5ef1601-cfcc-4f8c-8da3-a4f9600df242
2025-06-15 22:24:28,134 - app - INFO - Query: Do you know something about an immunotherapy something program?
2025-06-15 22:24:28,134 - app - INFO - API Key received: lyfegen-ai-task-2024
2025-06-15 22:24:28,134 - app - INFO - File: None
2025-06-15 22:24:28,134 - app - INFO - API key validated successfully
2025-06-15 22:24:28,134 - app - INFO - Received query for session_id: f5ef1601-cfcc-4f8c-8da3-a4f9600df242
2025-06-15 22:24:28,137 - app - INFO - Streaming agent response for session_id: f5ef1601-cfcc-4f8c-8da3-a4f9600df242
2025-06-15 22:24:28,143 - app - INFO - Streaming status update: Running: summarize_discussion
2025-06-15 22:24:28,143 - app - INFO - Summarizing conversation history.
2025-06-15 22:24:28,144 - app - INFO - Summarizing conversation history.
2025-06-15 22:24:30,131 - app - INFO - Streaming status update: Running: retrieve_relevant_chunks
2025-06-15 22:24:31,075 - app - INFO - Streaming status update: Running: summarize_discussion
2025-06-15 22:24:31,076 - app - INFO - Summarizing conversation history.
2025-06-15 22:24:31,076 - app - INFO - Summarizing conversation history.
2025-06-15 22:24:40,427 - app - INFO - Streaming final answer for session_id: f5ef1601-cfcc-4f8c-8da3-a4f9600df242
2025-06-15 22:25:08,750 - app - INFO - === QUERY STREAM ENDPOINT HIT ===
2025-06-15 22:25:08,750 - app - INFO - Session ID: a4e550f5-48f9-4eea-ab1b-fbf1548eed6d
2025-06-15 22:25:08,751 - app - INFO - Query: I have received this question in an email, please answer it!
2025-06-15 22:25:08,751 - app - INFO - API Key received: lyfegen-ai-task-2024
2025-06-15 22:25:08,751 - app - INFO - File: sample_email.txt
2025-06-15 22:25:08,751 - app - INFO - API key validated successfully
2025-06-15 22:25:08,751 - app - INFO - Received query for session_id: a4e550f5-48f9-4eea-ab1b-fbf1548eed6d
2025-06-15 22:25:08,751 - app - INFO - File received: sample_email.txt
2025-06-15 22:25:08,752 - app - INFO - File saved to temporary path: C:\Users\Gergo\AppData\Local\Temp\tmp2wlkxi2m.txt
2025-06-15 22:25:08,752 - app - INFO - Loading and extracting text from: C:\Users\Gergo\AppData\Local\Temp\tmp2wlkxi2m.txt
2025-06-15 22:25:08,753 - app - INFO - Streaming agent response for session_id: a4e550f5-48f9-4eea-ab1b-fbf1548eed6d
2025-06-15 22:25:08,754 - app - INFO - Streaming status update: Running: summarize_discussion
2025-06-15 22:25:08,755 - app - INFO - Summarizing conversation history.
2025-06-15 22:25:08,755 - app - INFO - Summarizing conversation history.
2025-06-15 22:25:10,638 - app - INFO - Streaming status update: Running: retrieve_relevant_chunks
2025-06-15 22:25:11,342 - app - INFO - Streaming status update: Running: summarize_discussion
2025-06-15 22:25:11,342 - app - INFO - Summarizing conversation history.
2025-06-15 22:25:11,343 - app - INFO - Summarizing conversation history.
2025-06-15 22:25:23,513 - app - INFO - Streaming final answer for session_id: a4e550f5-48f9-4eea-ab1b-fbf1548eed6d
2025-06-15 22:25:39,108 - app - INFO - Main agent has been compiled successfully.
2025-06-15 22:25:48,540 - app - INFO - === QUERY STREAM ENDPOINT HIT ===
2025-06-15 22:25:48,540 - app - INFO - Session ID: 005d232d-13be-4517-9d17-e98ac8b7834b
2025-06-15 22:25:48,540 - app - INFO - Query: Do you know something about an immunotherapy something program?
2025-06-15 22:25:48,541 - app - INFO - API Key received: lyfegen-ai-task-2024
2025-06-15 22:25:48,541 - app - INFO - File: None
2025-06-15 22:25:48,541 - app - INFO - API key validated successfully
2025-06-15 22:25:48,541 - app - INFO - Received query for session_id: 005d232d-13be-4517-9d17-e98ac8b7834b
2025-06-15 22:25:48,545 - app - INFO - Streaming agent response for session_id: 005d232d-13be-4517-9d17-e98ac8b7834b
2025-06-15 22:25:48,550 - app - INFO - Streaming status update: Running: summarize_discussion
2025-06-15 22:25:48,550 - app - INFO - Summarizing conversation history.
2025-06-15 22:25:48,551 - app - INFO - Summarizing conversation history.
2025-06-15 22:25:50,705 - app - INFO - Streaming status update: Running: retrieve_relevant_chunks
2025-06-15 22:25:51,586 - app - INFO - Streaming status update: Running: summarize_discussion
2025-06-15 22:25:51,587 - app - INFO - Summarizing conversation history.
2025-06-15 22:25:51,587 - app - INFO - Summarizing conversation history.
2025-06-15 22:25:58,770 - app - INFO - Streaming final answer for session_id: 005d232d-13be-4517-9d17-e98ac8b7834b
